{"contracts/constants/Constants.sol":{"l":{},"path":"/Users/nischinth/Desktop/Gala.Fi/oracle/contracts/constants/Constants.sol","s":{},"b":{},"f":{},"fnMap":{},"statementMap":{},"branchMap":{}},"contracts/core/Oracle.sol":{"l":{"84":48,"85":0,"90":30,"91":1,"92":29,"97":2,"98":0,"99":2,"100":2,"101":2,"113":4,"114":4,"115":4,"124":7,"128":5,"129":5,"138":2,"139":1,"140":1,"155":5,"156":1,"157":4,"158":3,"160":1,"161":1,"175":16,"176":1,"177":15,"182":14,"183":14,"184":3,"187":3,"190":3,"191":1,"194":13,"195":13,"196":13,"198":13,"199":13,"200":13,"208":5,"209":1,"210":4,"211":4,"221":13,"222":2,"223":11,"225":11,"226":11,"227":11,"229":11,"236":11,"238":0,"241":11,"242":11,"243":11,"257":5,"258":2,"259":3,"260":0,"262":3,"263":3,"277":9,"278":9,"279":9,"280":9,"281":0,"282":9,"295":13,"296":1,"297":12,"306":0,"307":0,"308":0,"317":9,"318":9,"338":2,"339":2,"341":2,"342":2,"343":2,"344":0,"346":2,"348":2,"350":2,"352":2,"353":2,"356":2,"359":2,"360":0,"362":2,"363":2,"373":14,"375":13,"376":13,"378":11,"379":11,"381":11,"382":11,"384":11,"391":11,"397":9,"398":9,"399":9,"404":9,"410":0,"413":11,"415":2,"416":2,"417":2,"418":0,"420":2,"426":2,"438":12,"439":12,"444":12,"445":12,"446":12},"path":"/Users/nischinth/Desktop/Gala.Fi/oracle/contracts/core/Oracle.sol","s":{"1":48,"2":30,"3":2,"4":4,"5":4,"6":7,"7":5,"8":2,"9":1,"10":5,"11":4,"12":1,"13":16,"14":15,"15":14,"16":14,"17":3,"18":3,"19":3,"20":13,"21":13,"22":13,"23":5,"24":4,"25":13,"26":11,"27":11,"28":11,"29":11,"30":11,"31":11,"32":11,"33":5,"34":3,"35":0,"36":3,"37":9,"38":9,"39":9,"40":9,"41":9,"42":13,"43":12,"44":0,"45":0,"46":0,"47":0,"48":9,"49":9,"50":2,"51":2,"52":2,"53":2,"54":2,"55":2,"56":2,"57":2,"58":2,"59":2,"60":2,"61":2,"62":2,"63":2,"64":14,"65":1,"66":13,"67":13,"68":2,"69":11,"70":11,"71":11,"72":11,"73":11,"74":11,"75":9,"76":9,"77":9,"78":11,"79":9,"80":2,"81":2,"82":2,"83":2,"84":2,"85":12,"86":12,"87":12},"b":{"1":[0,48],"2":[1,29],"3":[0,2],"4":[4,1],"5":[7,1],"6":[2,5],"7":[1,1],"8":[2,1],"9":[1,1],"10":[5,1],"11":[1,4],"12":[3,1],"13":[1,1],"14":[1,1],"15":[16,0],"16":[16,0],"17":[1,15],"18":[1,14],"19":[1,0],"20":[3,11],"21":[1,2],"22":[0,1],"23":[5,1],"24":[1,4],"25":[13,1],"26":[2,11],"27":[1,1],"28":[0,11],"29":[0,11],"30":[0,11],"31":[0,0],"32":[5,1],"33":[2,3],"34":[1,1],"35":[0,9],"36":[0,9],"37":[0,9],"38":[13,1],"39":[1,12],"40":[0,0],"41":[2,0],"42":[0,2],"43":[0,0],"44":[2,0],"45":[2,0],"46":[0,2],"47":[0,0],"48":[1,13],"49":[2,11],"50":[0,11],"51":[2,9],"52":[1,0],"53":[0,1],"54":[9,0],"55":[0,9],"56":[0,9],"57":[0,0],"58":[9,2],"59":[0,2],"60":[0,2],"61":[0,12],"62":[0,0]},"f":{"1":48,"2":30,"3":2,"4":4,"5":7,"6":2,"7":5,"8":16,"9":5,"10":13,"11":5,"12":9,"13":13,"14":0,"15":9,"16":2,"17":14,"18":12},"fnMap":{"1":{"name":"constructor","line":83,"loc":{"start":{"line":83,"column":4},"end":{"line":86,"column":4}}},"2":{"name":"whenNotPaused","line":89,"loc":{"start":{"line":89,"column":4},"end":{"line":93,"column":4}}},"3":{"name":"checkRecursion","line":96,"loc":{"start":{"line":96,"column":4},"end":{"line":102,"column":4}}},"4":{"name":"setOracleMode","line":112,"loc":{"start":{"line":112,"column":4},"end":{"line":116,"column":4}}},"5":{"name":"setStalePeriod","line":123,"loc":{"start":{"line":123,"column":4},"end":{"line":130,"column":4}}},"6":{"name":"setFallbackStalePeriod","line":137,"loc":{"start":{"line":137,"column":4},"end":{"line":141,"column":4}}},"7":{"name":"setVaultRateBounds","line":154,"loc":{"start":{"line":150,"column":4},"end":{"line":162,"column":4}}},"8":{"name":"setManualPrice","line":174,"loc":{"start":{"line":171,"column":4},"end":{"line":201,"column":4}}},"9":{"name":"disableManualPrice","line":207,"loc":{"start":{"line":207,"column":4},"end":{"line":212,"column":4}}},"10":{"name":"setChainlinkFeed","line":220,"loc":{"start":{"line":220,"column":4},"end":{"line":244,"column":4}}},"11":{"name":"setERC4626Vault","line":256,"loc":{"start":{"line":253,"column":4},"end":{"line":264,"column":4}}},"12":{"name":"getPrice","line":276,"loc":{"start":{"line":276,"column":4},"end":{"line":283,"column":4}}},"13":{"name":"fetchAndUpdatePrice","line":294,"loc":{"start":{"line":292,"column":4},"end":{"line":298,"column":4}}},"14":{"name":"getPriceAge","line":305,"loc":{"start":{"line":305,"column":4},"end":{"line":309,"column":4}}},"15":{"name":"isPriceFresh","line":316,"loc":{"start":{"line":316,"column":4},"end":{"line":320,"column":4}}},"16":{"name":"_getVaultPrice","line":337,"loc":{"start":{"line":334,"column":4},"end":{"line":364,"column":4}}},"17":{"name":"resolvePrice","line":372,"loc":{"start":{"line":372,"column":4},"end":{"line":427,"column":4}}},"18":{"name":"_fetchAndUpdatePrice","line":435,"loc":{"start":{"line":435,"column":4},"end":{"line":447,"column":4}}}},"statementMap":{"1":{"start":{"line":84,"column":8},"end":{"line":84,"column":3277}},"2":{"start":{"line":90,"column":8},"end":{"line":90,"column":3460}},"3":{"start":{"line":97,"column":8},"end":{"line":97,"column":3683}},"4":{"start":{"line":113,"column":8},"end":{"line":113,"column":33}},"5":{"start":{"line":115,"column":8},"end":{"line":115,"column":48}},"6":{"start":{"line":124,"column":8},"end":{"line":124,"column":4692}},"7":{"start":{"line":129,"column":8},"end":{"line":129,"column":39}},"8":{"start":{"line":138,"column":8},"end":{"line":138,"column":67}},"9":{"start":{"line":140,"column":8},"end":{"line":140,"column":47}},"10":{"start":{"line":155,"column":8},"end":{"line":155,"column":5918}},"11":{"start":{"line":157,"column":8},"end":{"line":157,"column":6015}},"12":{"start":{"line":161,"column":8},"end":{"line":161,"column":56}},"13":{"start":{"line":175,"column":8},"end":{"line":175,"column":6706}},"14":{"start":{"line":177,"column":8},"end":{"line":177,"column":6790}},"15":{"start":{"line":182,"column":8},"end":{"line":182,"column":56}},"16":{"start":{"line":183,"column":8},"end":{"line":183,"column":6995}},"17":{"start":{"line":184,"column":12},"end":{"line":184,"column":7097}},"18":{"start":{"line":187,"column":12},"end":{"line":187,"column":7254}},"19":{"start":{"line":190,"column":12},"end":{"line":190,"column":7437}},"20":{"start":{"line":198,"column":8},"end":{"line":198,"column":41}},"21":{"start":{"line":199,"column":8},"end":{"line":199,"column":43}},"22":{"start":{"line":200,"column":8},"end":{"line":200,"column":65}},"23":{"start":{"line":208,"column":8},"end":{"line":208,"column":8051}},"24":{"start":{"line":211,"column":8},"end":{"line":211,"column":44}},"25":{"start":{"line":221,"column":8},"end":{"line":221,"column":8579}},"26":{"start":{"line":223,"column":8},"end":{"line":223,"column":67}},"27":{"start":{"line":225,"column":8},"end":{"line":225,"column":63}},"28":{"start":{"line":226,"column":8},"end":{"line":226,"column":39}},"29":{"start":{"line":227,"column":8},"end":{"line":227,"column":69}},"30":{"start":{"line":229,"column":8},"end":{"line":229,"column":8892}},"31":{"start":{"line":236,"column":12},"end":{"line":236,"column":79}},"32":{"start":{"line":243,"column":8},"end":{"line":243,"column":42}},"33":{"start":{"line":257,"column":8},"end":{"line":257,"column":9834}},"34":{"start":{"line":259,"column":8},"end":{"line":259,"column":9905}},"35":{"start":{"line":260,"column":12},"end":{"line":260,"column":42}},"36":{"start":{"line":263,"column":8},"end":{"line":263,"column":49}},"37":{"start":{"line":277,"column":8},"end":{"line":277,"column":79}},"38":{"start":{"line":278,"column":8},"end":{"line":278,"column":56}},"39":{"start":{"line":279,"column":8},"end":{"line":279,"column":56}},"40":{"start":{"line":280,"column":8},"end":{"line":280,"column":10900}},"41":{"start":{"line":282,"column":8},"end":{"line":282,"column":23}},"42":{"start":{"line":295,"column":8},"end":{"line":295,"column":11459}},"43":{"start":{"line":297,"column":8},"end":{"line":297,"column":42}},"44":{"start":{"line":306,"column":8},"end":{"line":306,"column":56}},"45":{"start":{"line":307,"column":8},"end":{"line":307,"column":55}},"46":{"start":{"line":307,"column":31},"end":{"line":307,"column":55}},"47":{"start":{"line":308,"column":8},"end":{"line":308,"column":45}},"48":{"start":{"line":317,"column":8},"end":{"line":317,"column":56}},"49":{"start":{"line":318,"column":8},"end":{"line":318,"column":12336}},"50":{"start":{"line":338,"column":8},"end":{"line":338,"column":62}},"51":{"start":{"line":339,"column":8},"end":{"line":339,"column":72}},"52":{"start":{"line":341,"column":8},"end":{"line":341,"column":46}},"53":{"start":{"line":342,"column":8},"end":{"line":342,"column":74}},"54":{"start":{"line":343,"column":8},"end":{"line":343,"column":13409}},"55":{"start":{"line":346,"column":8},"end":{"line":346,"column":13508}},"56":{"start":{"line":348,"column":8},"end":{"line":348,"column":13609}},"57":{"start":{"line":350,"column":8},"end":{"line":350,"column":67}},"58":{"start":{"line":352,"column":8},"end":{"line":352,"column":62}},"59":{"start":{"line":353,"column":8},"end":{"line":353,"column":13832}},"60":{"start":{"line":356,"column":8},"end":{"line":356,"column":13958}},"61":{"start":{"line":359,"column":8},"end":{"line":359,"column":14107}},"62":{"start":{"line":362,"column":8},"end":{"line":362,"column":58}},"63":{"start":{"line":363,"column":8},"end":{"line":363,"column":55}},"64":{"start":{"line":373,"column":8},"end":{"line":373,"column":55}},"65":{"start":{"line":373,"column":29},"end":{"line":373,"column":55}},"66":{"start":{"line":375,"column":8},"end":{"line":375,"column":53}},"67":{"start":{"line":376,"column":8},"end":{"line":376,"column":78}},"68":{"start":{"line":376,"column":38},"end":{"line":376,"column":78}},"69":{"start":{"line":378,"column":8},"end":{"line":378,"column":44}},"70":{"start":{"line":379,"column":8},"end":{"line":379,"column":57}},"71":{"start":{"line":381,"column":8},"end":{"line":381,"column":23}},"72":{"start":{"line":382,"column":8},"end":{"line":382,"column":25}},"73":{"start":{"line":384,"column":8},"end":{"line":384,"column":14987}},"74":{"start":{"line":391,"column":12},"end":{"line":391,"column":15193}},"75":{"start":{"line":397,"column":16},"end":{"line":397,"column":75}},"76":{"start":{"line":398,"column":16},"end":{"line":398,"column":45}},"77":{"start":{"line":404,"column":16},"end":{"line":404,"column":15760}},"78":{"start":{"line":413,"column":8},"end":{"line":413,"column":33}},"79":{"start":{"line":413,"column":19},"end":{"line":413,"column":33}},"80":{"start":{"line":415,"column":8},"end":{"line":415,"column":56}},"81":{"start":{"line":416,"column":8},"end":{"line":416,"column":56}},"82":{"start":{"line":417,"column":8},"end":{"line":417,"column":16179}},"83":{"start":{"line":420,"column":8},"end":{"line":420,"column":16257}},"84":{"start":{"line":426,"column":8},"end":{"line":426,"column":23}},"85":{"start":{"line":439,"column":8},"end":{"line":439,"column":16864}},"86":{"start":{"line":445,"column":8},"end":{"line":445,"column":65}},"87":{"start":{"line":446,"column":8},"end":{"line":446,"column":20}}},"branchMap":{"1":{"line":84,"type":"if","locations":[{"start":{"line":84,"column":8},"end":{"line":84,"column":8}},{"start":{"line":84,"column":8},"end":{"line":84,"column":8}}]},"2":{"line":90,"type":"if","locations":[{"start":{"line":90,"column":8},"end":{"line":90,"column":8}},{"start":{"line":90,"column":8},"end":{"line":90,"column":8}}]},"3":{"line":97,"type":"if","locations":[{"start":{"line":97,"column":8},"end":{"line":97,"column":8}},{"start":{"line":97,"column":8},"end":{"line":97,"column":8}}]},"4":{"line":112,"type":"if","locations":[{"start":{"line":112,"column":56},"end":{"line":112,"column":56}},{"start":{"line":112,"column":56},"end":{"line":112,"column":56}}]},"5":{"line":123,"type":"if","locations":[{"start":{"line":123,"column":53},"end":{"line":123,"column":53}},{"start":{"line":123,"column":53},"end":{"line":123,"column":53}}]},"6":{"line":124,"type":"if","locations":[{"start":{"line":124,"column":8},"end":{"line":124,"column":8}},{"start":{"line":124,"column":8},"end":{"line":124,"column":8}}]},"7":{"line":125,"type":"cond-expr","locations":[{"start":{"line":125,"column":12},"end":{"line":125,"column":53}},{"start":{"line":126,"column":12},"end":{"line":126,"column":53}}]},"8":{"line":137,"type":"if","locations":[{"start":{"line":137,"column":61},"end":{"line":137,"column":61}},{"start":{"line":137,"column":61},"end":{"line":137,"column":61}}]},"9":{"line":138,"type":"if","locations":[{"start":{"line":138,"column":8},"end":{"line":138,"column":8}},{"start":{"line":138,"column":8},"end":{"line":138,"column":8}}]},"10":{"line":154,"type":"if","locations":[{"start":{"line":154,"column":15},"end":{"line":154,"column":15}},{"start":{"line":154,"column":15},"end":{"line":154,"column":15}}]},"11":{"line":155,"type":"if","locations":[{"start":{"line":155,"column":8},"end":{"line":155,"column":8}},{"start":{"line":155,"column":8},"end":{"line":155,"column":8}}]},"12":{"line":157,"type":"if","locations":[{"start":{"line":157,"column":8},"end":{"line":157,"column":8}},{"start":{"line":157,"column":8},"end":{"line":157,"column":8}}]},"13":{"line":157,"type":"cond-expr","locations":[{"start":{"line":157,"column":12},"end":{"line":157,"column":23}},{"start":{"line":157,"column":28},"end":{"line":157,"column":45}}]},"14":{"line":157,"type":"cond-expr","locations":[{"start":{"line":157,"column":12},"end":{"line":157,"column":45}},{"start":{"line":157,"column":50},"end":{"line":157,"column":65}}]},"15":{"line":174,"type":"if","locations":[{"start":{"line":174,"column":15},"end":{"line":174,"column":15}},{"start":{"line":174,"column":15},"end":{"line":174,"column":15}}]},"16":{"line":174,"type":"if","locations":[{"start":{"line":174,"column":25},"end":{"line":174,"column":25}},{"start":{"line":174,"column":25},"end":{"line":174,"column":25}}]},"17":{"line":175,"type":"if","locations":[{"start":{"line":175,"column":8},"end":{"line":175,"column":8}},{"start":{"line":175,"column":8},"end":{"line":175,"column":8}}]},"18":{"line":177,"type":"if","locations":[{"start":{"line":177,"column":8},"end":{"line":177,"column":8}},{"start":{"line":177,"column":8},"end":{"line":177,"column":8}}]},"19":{"line":178,"type":"cond-expr","locations":[{"start":{"line":178,"column":12},"end":{"line":178,"column":58}},{"start":{"line":179,"column":12},"end":{"line":179,"column":58}}]},"20":{"line":183,"type":"if","locations":[{"start":{"line":183,"column":8},"end":{"line":183,"column":8}},{"start":{"line":183,"column":8},"end":{"line":183,"column":8}}]},"21":{"line":190,"type":"if","locations":[{"start":{"line":190,"column":12},"end":{"line":190,"column":12}},{"start":{"line":190,"column":12},"end":{"line":190,"column":12}}]},"22":{"line":190,"type":"cond-expr","locations":[{"start":{"line":190,"column":16},"end":{"line":190,"column":33}},{"start":{"line":190,"column":38},"end":{"line":190,"column":55}}]},"23":{"line":207,"type":"if","locations":[{"start":{"line":207,"column":56},"end":{"line":207,"column":56}},{"start":{"line":207,"column":56},"end":{"line":207,"column":56}}]},"24":{"line":208,"type":"if","locations":[{"start":{"line":208,"column":8},"end":{"line":208,"column":8}},{"start":{"line":208,"column":8},"end":{"line":208,"column":8}}]},"25":{"line":220,"type":"if","locations":[{"start":{"line":220,"column":68},"end":{"line":220,"column":68}},{"start":{"line":220,"column":68},"end":{"line":220,"column":68}}]},"26":{"line":221,"type":"if","locations":[{"start":{"line":221,"column":8},"end":{"line":221,"column":8}},{"start":{"line":221,"column":8},"end":{"line":221,"column":8}}]},"27":{"line":221,"type":"cond-expr","locations":[{"start":{"line":221,"column":12},"end":{"line":221,"column":30}},{"start":{"line":221,"column":35},"end":{"line":221,"column":52}}]},"28":{"line":223,"type":"if","locations":[{"start":{"line":223,"column":8},"end":{"line":223,"column":8}},{"start":{"line":223,"column":8},"end":{"line":223,"column":8}}]},"29":{"line":227,"type":"if","locations":[{"start":{"line":227,"column":8},"end":{"line":227,"column":8}},{"start":{"line":227,"column":8},"end":{"line":227,"column":8}}]},"30":{"line":236,"type":"if","locations":[{"start":{"line":236,"column":12},"end":{"line":236,"column":12}},{"start":{"line":236,"column":12},"end":{"line":236,"column":12}}]},"31":{"line":236,"type":"cond-expr","locations":[{"start":{"line":236,"column":16},"end":{"line":236,"column":26}},{"start":{"line":236,"column":31},"end":{"line":236,"column":44}}]},"32":{"line":256,"type":"if","locations":[{"start":{"line":256,"column":15},"end":{"line":256,"column":15}},{"start":{"line":256,"column":15},"end":{"line":256,"column":15}}]},"33":{"line":257,"type":"if","locations":[{"start":{"line":257,"column":8},"end":{"line":257,"column":8}},{"start":{"line":257,"column":8},"end":{"line":257,"column":8}}]},"34":{"line":257,"type":"cond-expr","locations":[{"start":{"line":257,"column":12},"end":{"line":257,"column":30}},{"start":{"line":257,"column":35},"end":{"line":257,"column":58}}]},"35":{"line":277,"type":"if","locations":[{"start":{"line":277,"column":8},"end":{"line":277,"column":8}},{"start":{"line":277,"column":8},"end":{"line":277,"column":8}}]},"36":{"line":279,"type":"if","locations":[{"start":{"line":279,"column":8},"end":{"line":279,"column":8}},{"start":{"line":279,"column":8},"end":{"line":279,"column":8}}]},"37":{"line":280,"type":"if","locations":[{"start":{"line":280,"column":8},"end":{"line":280,"column":8}},{"start":{"line":280,"column":8},"end":{"line":280,"column":8}}]},"38":{"line":294,"type":"if","locations":[{"start":{"line":294,"column":15},"end":{"line":294,"column":15}},{"start":{"line":294,"column":15},"end":{"line":294,"column":15}}]},"39":{"line":295,"type":"if","locations":[{"start":{"line":295,"column":8},"end":{"line":295,"column":8}},{"start":{"line":295,"column":8},"end":{"line":295,"column":8}}]},"40":{"line":307,"type":"if","locations":[{"start":{"line":307,"column":8},"end":{"line":307,"column":8}},{"start":{"line":307,"column":8},"end":{"line":307,"column":8}}]},"41":{"line":337,"type":"if","locations":[{"start":{"line":337,"column":15},"end":{"line":337,"column":15}},{"start":{"line":337,"column":15},"end":{"line":337,"column":15}}]},"42":{"line":343,"type":"if","locations":[{"start":{"line":343,"column":8},"end":{"line":343,"column":8}},{"start":{"line":343,"column":8},"end":{"line":343,"column":8}}]},"43":{"line":343,"type":"cond-expr","locations":[{"start":{"line":343,"column":12},"end":{"line":343,"column":30}},{"start":{"line":343,"column":35},"end":{"line":343,"column":55}}]},"44":{"line":354,"type":"if","locations":[{"start":{"line":354,"column":14},"end":{"line":354,"column":48}},{"start":{"line":355,"column":14},"end":{"line":355,"column":27}}]},"45":{"line":357,"type":"if","locations":[{"start":{"line":357,"column":14},"end":{"line":357,"column":48}},{"start":{"line":358,"column":14},"end":{"line":358,"column":27}}]},"46":{"line":359,"type":"if","locations":[{"start":{"line":359,"column":8},"end":{"line":359,"column":8}},{"start":{"line":359,"column":8},"end":{"line":359,"column":8}}]},"47":{"line":359,"type":"cond-expr","locations":[{"start":{"line":359,"column":12},"end":{"line":359,"column":25}},{"start":{"line":359,"column":30},"end":{"line":359,"column":43}}]},"48":{"line":373,"type":"if","locations":[{"start":{"line":373,"column":8},"end":{"line":373,"column":8}},{"start":{"line":373,"column":8},"end":{"line":373,"column":8}}]},"49":{"line":376,"type":"if","locations":[{"start":{"line":376,"column":8},"end":{"line":376,"column":8}},{"start":{"line":376,"column":8},"end":{"line":376,"column":8}}]},"50":{"line":379,"type":"if","locations":[{"start":{"line":379,"column":8},"end":{"line":379,"column":8}},{"start":{"line":379,"column":8},"end":{"line":379,"column":8}}]},"51":{"line":391,"type":"if","locations":[{"start":{"line":391,"column":12},"end":{"line":391,"column":12}},{"start":{"line":391,"column":12},"end":{"line":391,"column":12}}]},"52":{"line":392,"type":"cond-expr","locations":[{"start":{"line":392,"column":16},"end":{"line":392,"column":26}},{"start":{"line":393,"column":16},"end":{"line":393,"column":29}}]},"53":{"line":392,"type":"cond-expr","locations":[{"start":{"line":392,"column":16},"end":{"line":393,"column":29}},{"start":{"line":394,"column":16},"end":{"line":394,"column":56}}]},"54":{"line":402,"type":"if","locations":[{"start":{"line":402,"column":26},"end":{"line":402,"column":58}},{"start":{"line":403,"column":26},"end":{"line":403,"column":58}}]},"55":{"line":400,"type":"if","locations":[{"start":{"line":400,"column":22},"end":{"line":400,"column":24}},{"start":{"line":401,"column":22},"end":{"line":403,"column":58}}]},"56":{"line":404,"type":"if","locations":[{"start":{"line":404,"column":16},"end":{"line":404,"column":16}},{"start":{"line":404,"column":16},"end":{"line":404,"column":16}}]},"57":{"line":405,"type":"cond-expr","locations":[{"start":{"line":405,"column":20},"end":{"line":405,"column":68}},{"start":{"line":406,"column":20},"end":{"line":406,"column":68}}]},"58":{"line":413,"type":"if","locations":[{"start":{"line":413,"column":8},"end":{"line":413,"column":8}},{"start":{"line":413,"column":8},"end":{"line":413,"column":8}}]},"59":{"line":416,"type":"if","locations":[{"start":{"line":416,"column":8},"end":{"line":416,"column":8}},{"start":{"line":416,"column":8},"end":{"line":416,"column":8}}]},"60":{"line":417,"type":"if","locations":[{"start":{"line":417,"column":8},"end":{"line":417,"column":8}},{"start":{"line":417,"column":8},"end":{"line":417,"column":8}}]},"61":{"line":439,"type":"if","locations":[{"start":{"line":439,"column":8},"end":{"line":439,"column":8}},{"start":{"line":439,"column":8},"end":{"line":439,"column":8}}]},"62":{"line":440,"type":"cond-expr","locations":[{"start":{"line":440,"column":12},"end":{"line":440,"column":58}},{"start":{"line":441,"column":12},"end":{"line":441,"column":58}}]}}},"contracts/errors/Errors.sol":{"l":{},"path":"/Users/nischinth/Desktop/Gala.Fi/oracle/contracts/errors/Errors.sol","s":{},"b":{},"f":{},"fnMap":{},"statementMap":{},"branchMap":{}},"contracts/mocks/MockAggregatorV3.sol":{"l":{"12":49,"13":49,"14":49,"18":20,"22":0,"26":0,"35":22,"39":0,"44":1,"45":1,"50":1,"54":0},"path":"/Users/nischinth/Desktop/Gala.Fi/oracle/contracts/mocks/MockAggregatorV3.sol","s":{"1":20,"2":0,"3":0,"4":22,"5":0,"6":0},"b":{},"f":{"1":49,"2":20,"3":0,"4":0,"5":22,"6":0,"7":1,"8":1,"9":0},"fnMap":{"1":{"name":"constructor","line":11,"loc":{"start":{"line":11,"column":4},"end":{"line":15,"column":4}}},"2":{"name":"decimals","line":17,"loc":{"start":{"line":17,"column":4},"end":{"line":19,"column":4}}},"3":{"name":"description","line":21,"loc":{"start":{"line":21,"column":4},"end":{"line":23,"column":4}}},"4":{"name":"version","line":25,"loc":{"start":{"line":25,"column":4},"end":{"line":27,"column":4}}},"5":{"name":"latestRoundData","line":29,"loc":{"start":{"line":29,"column":4},"end":{"line":36,"column":4}}},"6":{"name":"getRoundData","line":38,"loc":{"start":{"line":38,"column":4},"end":{"line":40,"column":4}}},"7":{"name":"updateAnswer","line":43,"loc":{"start":{"line":43,"column":4},"end":{"line":46,"column":4}}},"8":{"name":"setUpdatedAt","line":49,"loc":{"start":{"line":49,"column":4},"end":{"line":51,"column":4}}},"9":{"name":"getUpdatedAt","line":53,"loc":{"start":{"line":53,"column":4},"end":{"line":55,"column":4}}}},"statementMap":{"1":{"start":{"line":18,"column":8},"end":{"line":18,"column":24}},"2":{"start":{"line":22,"column":8},"end":{"line":22,"column":42}},"3":{"start":{"line":26,"column":8},"end":{"line":26,"column":16}},"4":{"start":{"line":35,"column":8},"end":{"line":35,"column":53}},"5":{"start":{"line":39,"column":8},"end":{"line":39,"column":53}},"6":{"start":{"line":54,"column":8},"end":{"line":54,"column":25}}},"branchMap":{}},"contracts/mocks/MockERC20.sol":{"l":{"13":207,"14":207,"18":124,"22":33,"26":3},"path":"/Users/nischinth/Desktop/Gala.Fi/oracle/contracts/mocks/MockERC20.sol","s":{"1":207,"2":124,"3":33,"4":3},"b":{},"f":{"1":207,"2":124,"3":33,"4":3},"fnMap":{"1":{"name":"constructor","line":11,"loc":{"start":{"line":10,"column":4},"end":{"line":15,"column":4}}},"2":{"name":"decimals","line":17,"loc":{"start":{"line":17,"column":4},"end":{"line":19,"column":4}}},"3":{"name":"mint","line":21,"loc":{"start":{"line":21,"column":4},"end":{"line":23,"column":4}}},"4":{"name":"burn","line":25,"loc":{"start":{"line":25,"column":4},"end":{"line":27,"column":4}}}},"statementMap":{"1":{"start":{"line":14,"column":8},"end":{"line":14,"column":39}},"2":{"start":{"line":18,"column":8},"end":{"line":18,"column":24}},"3":{"start":{"line":22,"column":8},"end":{"line":22,"column":24}},"4":{"start":{"line":26,"column":8},"end":{"line":26,"column":26}}},"branchMap":{}},"contracts/mocks/MockERC4626.sol":{"l":{"21":74,"22":74,"27":82,"32":19,"36":19,"37":19,"42":4,"48":16,"51":15,"54":15,"57":15,"62":22,"65":22,"67":22},"path":"/Users/nischinth/Desktop/Gala.Fi/oracle/contracts/mocks/MockERC4626.sol","s":{"1":19,"2":19,"3":19,"4":4,"5":16,"6":15,"7":15,"8":22,"9":22,"10":22},"b":{"1":[15,1]},"f":{"1":74,"2":82,"3":19,"4":4,"5":16,"6":22},"fnMap":{"1":{"name":"constructor","line":19,"loc":{"start":{"line":12,"column":4},"end":{"line":23,"column":4}}},"2":{"name":"setExchangeRate","line":26,"loc":{"start":{"line":26,"column":4},"end":{"line":28,"column":4}}},"3":{"name":"convertToAssets","line":31,"loc":{"start":{"line":31,"column":4},"end":{"line":38,"column":4}}},"4":{"name":"asset","line":41,"loc":{"start":{"line":41,"column":4},"end":{"line":43,"column":4}}},"5":{"name":"deposit","line":47,"loc":{"start":{"line":47,"column":4},"end":{"line":58,"column":4}}},"6":{"name":"convertToShares","line":61,"loc":{"start":{"line":61,"column":4},"end":{"line":68,"column":4}}}},"statementMap":{"1":{"start":{"line":32,"column":8},"end":{"line":32,"column":40}},"2":{"start":{"line":36,"column":8},"end":{"line":36,"column":82}},"3":{"start":{"line":37,"column":8},"end":{"line":37,"column":45}},"4":{"start":{"line":42,"column":8},"end":{"line":42,"column":21}},"5":{"start":{"line":48,"column":8},"end":{"line":48,"column":42}},"6":{"start":{"line":54,"column":8},"end":{"line":54,"column":69}},"7":{"start":{"line":57,"column":8},"end":{"line":57,"column":30}},"8":{"start":{"line":62,"column":8},"end":{"line":62,"column":40}},"9":{"start":{"line":65,"column":8},"end":{"line":65,"column":86}},"10":{"start":{"line":67,"column":8},"end":{"line":67,"column":49}}},"branchMap":{"1":{"line":48,"type":"if","locations":[{"start":{"line":48,"column":8},"end":{"line":48,"column":8}},{"start":{"line":48,"column":8},"end":{"line":48,"column":8}}]}}},"contracts/mocks/MockIERC4626.sol":{"l":{},"path":"/Users/nischinth/Desktop/Gala.Fi/oracle/contracts/mocks/MockIERC4626.sol","s":{},"b":{},"f":{},"fnMap":{},"statementMap":{},"branchMap":{}}}